<?xml version="1.0" encoding="UTF-8"?>
<beans xmlns="http://www.springframework.org/schema/beans"
	xmlns:aop="http://www.springframework.org/schema/aop"
	xmlns:tx="http://www.springframework.org/schema/tx"
	xmlns:p="http://www.springframework.org/schema/p"
	xmlns:xsi="http://www.w3.org/2001/XMLSchema-instance"
	xsi:schemaLocation="
		http://www.springframework.org/schema/beans http://www.springframework.org/schema/beans/spring-beans-2.0.xsd
		http://www.springframework.org/schema/aop http://www.springframework.org/schema/aop/spring-aop-2.0.xsd
		http://www.springframework.org/schema/tx http://www.springframework.org/schema/tx/spring-tx-2.0.xsd">

	<import resource="../simple-job-launcher-context.xml" />

	<bean id="testJob" parent="simpleJob">
		<property name="restartable" value="true" />
		<property name="steps">
			<list>
				<bean id="step1" parent="simpleStep">
					<property name="itemReader">
						<bean class="com.appoptics.test.TestItemReader"/>
					</property>
					<property name="itemWriter">
						<bean class="com.appoptics.test.TestItemWriter"/>
					</property>
				</bean>
				<bean id="step2" parent="simpleStep">
					<property name="itemReader">
						<bean class="com.appoptics.test.TestItemReader"/>
					</property>
					<property name="itemWriter">
						<bean class="com.appoptics.test.TestItemWriter"/>
					</property>
				</bean>
			</list>
		</property>
	</bean>

	<bean id="testExceptionJob" parent="simpleJob">
		<property name="restartable" value="true" />
		<property name="steps">
			<list>
				<bean id="exceptionStep1" parent="simpleStep">
					<property name="itemReader">
						<bean class="com.appoptics.test.TestItemReader"/>
					</property>
					<property name="itemWriter">
						<bean class="com.appoptics.test.TestItemWriter"/>
					</property>
				</bean>
				<bean id="exceptionStep2" parent="simpleStep">
					<property name="itemReader">
						<bean class="com.appoptics.test.TestItemReader"/>
					</property>
					<property name="itemWriter">
						<bean class="com.appoptics.test.TestExceptionItemWriter"/>
					</property>
				</bean>
			</list>
		</property>
	</bean>

</beans>